<?xml version="1.0" encoding="UTF-8"?>
<!-- Generated by org.testng.reporters.JUnitReportReporter -->
<testsuite hostname="DESKTOP-9IUS08F" failures="0" tests="3" name="com.sdet.testcases.OrderPlacementDBValidation" time="13.970" errors="0" timestamp="2020-02-23T19:33:12 GMT-06:00" skipped="0">
  <testcase classname="com.sdet.testcases.OrderPlacementDBValidation" name="loginTest" time="3.394"/>
  <testcase classname="com.sdet.testcases.OrderPlacementDBValidation" name="homePageTest" time="1.315"/>
  <testcase classname="com.sdet.testcases.OrderPlacementDBValidation" name="endtoendTest" time="9.261"/>
</testsuite> <!-- com.sdet.testcases.OrderPlacementDBValidation -->
