<?xml version="1.0" encoding="UTF-8"?>
<!-- Generated by org.testng.reporters.JUnitReportReporter -->
<testsuite hostname="DESKTOP-9IUS08F" failures="0" tests="3" name="com.sdet.testcases.OrderPlacement2" time="9.024" errors="0" timestamp="2020-02-23T18:04:47 GMT-06:00" skipped="0">
  <testcase classname="com.sdet.testcases.OrderPlacement2" name="loginTest" time="2.650"/>
  <testcase classname="com.sdet.testcases.OrderPlacement2" name="homePageTest" time="0.873"/>
  <testcase classname="com.sdet.testcases.OrderPlacement2" name="endtoendTest" time="5.501"/>
</testsuite> <!-- com.sdet.testcases.OrderPlacement2 -->
