<?xml version="1.0" encoding="UTF-8"?>
<!-- Generated by org.testng.reporters.JUnitReportReporter -->
<testsuite hostname="DESKTOP-9IUS08F" failures="0" tests="3" name="com.sdet.testcases.LoginPageTest" time="8.657" errors="0" timestamp="2020-02-23T14:38:49 GMT-06:00" skipped="0">
  <testcase classname="com.sdet.testcases.LoginPageTest" name="loginTest" time="2.359"/>
  <testcase classname="com.sdet.testcases.LoginPageTest" name="homePageTest" time="0.850"/>
  <testcase classname="com.sdet.testcases.LoginPageTest" name="endtoendTest" time="5.448"/>
</testsuite> <!-- com.sdet.testcases.LoginPageTest -->
